<?xml version="1.0" encoding="UTF-8"?>
<coverage generated="1729804728413" clover="3.2.0">
  <project timestamp="1729804728413" name="All files">
    <metrics statements="25" coveredstatements="10" conditionals="5" coveredconditionals="1" methods="11" coveredmethods="2" elements="41" coveredelements="13" complexity="0" loc="25" ncloc="25" packages="1" files="1" classes="1"/>
    <file name="cartSlice.ts" path="C:\Users\User\Desktop\ecommerce-app\src\store\cartSlice.ts">
      <metrics statements="25" coveredstatements="10" conditionals="5" coveredconditionals="1" methods="11" coveredmethods="2"/>
      <line num="1" count="1" type="stmt"/>
      <line num="9" count="1" type="stmt"/>
      <line num="14" count="1" type="stmt"/>
      <line num="19" count="1" type="stmt"/>
      <line num="20" count="0" type="stmt"/>
      <line num="23" count="1" type="cond" truecount="1" falsecount="1"/>
      <line num="24" count="0" type="stmt"/>
      <line num="26" count="1" type="stmt"/>
      <line num="29" count="1" type="stmt"/>
      <line num="30" count="1" type="stmt"/>
      <line num="35" count="0" type="stmt"/>
      <line num="36" count="0" type="stmt"/>
      <line num="37" count="0" type="stmt"/>
      <line num="45" count="0" type="stmt"/>
      <line num="46" count="0" type="cond" truecount="0" falsecount="1"/>
      <line num="47" count="0" type="cond" truecount="0" falsecount="2"/>
      <line num="48" count="0" type="stmt"/>
      <line num="51" count="0" type="stmt"/>
      <line num="52" count="0" type="stmt"/>
      <line num="55" count="0" type="stmt"/>
      <line num="56" count="0" type="stmt"/>
      <line num="62" count="0" type="stmt"/>
      <line num="63" count="0" type="stmt"/>
      <line num="68" count="1" type="stmt"/>
      <line num="70" count="1" type="stmt"/>
    </file>
  </project>
</coverage>
