{"C:\\Users\\User\\Desktop\\ecommerce-app\\src\\store\\cartSlice.ts": {"path":"C:\\Users\\User\\Desktop\\ecommerce-app\\src\\store\\cartSlice.ts","statementMap":{"0":{"start":{"line":1,"column":0},"end":{"line":1,"column":62}},"1":{"start":{"line":9,"column":32},"end":{"line":12,"column":2}},"2":{"start":{"line":14,"column":18},"end":{"line":66,"column":2}},"3":{"start":{"line":19,"column":27},"end":{"line":20,"column":null}},"4":{"start":{"line":20,"column":18},"end":{"line":20,"column":47}},"5":{"start":{"line":23,"column":6},"end":{"line":27,"column":7}},"6":{"start":{"line":24,"column":8},"end":{"line":24,"column":35}},"7":{"start":{"line":26,"column":8},"end":{"line":26,"column":61}},"8":{"start":{"line":29,"column":6},"end":{"line":32,"column":8}},"9":{"start":{"line":30,"column":23},"end":{"line":30,"column":55}},"10":{"start":{"line":35,"column":6},"end":{"line":35,"column":77}},"11":{"start":{"line":35,"column":49},"end":{"line":35,"column":75}},"12":{"start":{"line":36,"column":6},"end":{"line":39,"column":8}},"13":{"start":{"line":37,"column":23},"end":{"line":37,"column":55}},"14":{"start":{"line":45,"column":19},"end":{"line":45,"column":76}},"15":{"start":{"line":45,"column":46},"end":{"line":45,"column":75}},"16":{"start":{"line":46,"column":6},"end":{"line":59,"column":7}},"17":{"start":{"line":47,"column":8},"end":{"line":54,"column":9}},"18":{"start":{"line":48,"column":10},"end":{"line":48,"column":50}},"19":{"start":{"line":51,"column":10},"end":{"line":53,"column":12}},"20":{"start":{"line":52,"column":22},"end":{"line":52,"column":51}},"21":{"start":{"line":55,"column":8},"end":{"line":58,"column":10}},"22":{"start":{"line":56,"column":25},"end":{"line":56,"column":57}},"23":{"start":{"line":62,"column":6},"end":{"line":62,"column":23}},"24":{"start":{"line":63,"column":6},"end":{"line":63,"column":22}},"25":{"start":{"line":68,"column":13},"end":{"line":68,"column":null}},"26":{"start":{"line":70,"column":0},"end":{"line":70,"column":33}}},"fnMap":{"0":{"name":"(anonymous_0)","decl":{"start":{"line":18,"column":15},"end":{"line":18,"column":16}},"loc":{"start":{"line":18,"column":57},"end":{"line":33,"column":5}}},"1":{"name":"(anonymous_1)","decl":{"start":{"line":20,"column":8},"end":{"line":20,"column":9}},"loc":{"start":{"line":20,"column":18},"end":{"line":20,"column":47}}},"2":{"name":"(anonymous_2)","decl":{"start":{"line":30,"column":8},"end":{"line":30,"column":9}},"loc":{"start":{"line":30,"column":23},"end":{"line":30,"column":55}}},"3":{"name":"(anonymous_3)","decl":{"start":{"line":34,"column":20},"end":{"line":34,"column":21}},"loc":{"start":{"line":34,"column":61},"end":{"line":40,"column":5}}},"4":{"name":"(anonymous_4)","decl":{"start":{"line":35,"column":39},"end":{"line":35,"column":40}},"loc":{"start":{"line":35,"column":49},"end":{"line":35,"column":75}}},"5":{"name":"(anonymous_5)","decl":{"start":{"line":37,"column":8},"end":{"line":37,"column":9}},"loc":{"start":{"line":37,"column":23},"end":{"line":37,"column":55}}},"6":{"name":"(anonymous_6)","decl":{"start":{"line":41,"column":20},"end":{"line":41,"column":null}},"loc":{"start":{"line":44,"column":8},"end":{"line":60,"column":5}}},"7":{"name":"(anonymous_7)","decl":{"start":{"line":45,"column":36},"end":{"line":45,"column":37}},"loc":{"start":{"line":45,"column":46},"end":{"line":45,"column":75}}},"8":{"name":"(anonymous_8)","decl":{"start":{"line":52,"column":12},"end":{"line":52,"column":13}},"loc":{"start":{"line":52,"column":22},"end":{"line":52,"column":51}}},"9":{"name":"(anonymous_9)","decl":{"start":{"line":56,"column":10},"end":{"line":56,"column":11}},"loc":{"start":{"line":56,"column":25},"end":{"line":56,"column":57}}},"10":{"name":"(anonymous_10)","decl":{"start":{"line":61,"column":15},"end":{"line":61,"column":16}},"loc":{"start":{"line":61,"column":25},"end":{"line":64,"column":5}}}},"branchMap":{"0":{"loc":{"start":{"line":23,"column":6},"end":{"line":27,"column":7}},"type":"if","locations":[{"start":{"line":23,"column":6},"end":{"line":27,"column":7}},{"start":{"line":25,"column":13},"end":{"line":27,"column":7}}]},"1":{"loc":{"start":{"line":46,"column":6},"end":{"line":59,"column":7}},"type":"if","locations":[{"start":{"line":46,"column":6},"end":{"line":59,"column":7}}]},"2":{"loc":{"start":{"line":47,"column":8},"end":{"line":54,"column":9}},"type":"if","locations":[{"start":{"line":47,"column":8},"end":{"line":54,"column":9}},{"start":{"line":49,"column":15},"end":{"line":54,"column":9}}]}},"s":{"0":1,"1":1,"2":1,"3":1,"4":0,"5":1,"6":0,"7":1,"8":1,"9":1,"10":0,"11":0,"12":0,"13":0,"14":0,"15":0,"16":0,"17":0,"18":0,"19":0,"20":0,"21":0,"22":0,"23":0,"24":0,"25":1,"26":1},"f":{"0":1,"1":0,"2":1,"3":0,"4":0,"5":0,"6":0,"7":0,"8":0,"9":0,"10":0},"b":{"0":[0,1],"1":[0],"2":[0,0]}}
}
