TN:
SF:src\store\cartSlice.ts
FN:18,(anonymous_0)
FN:20,(anonymous_1)
FN:30,(anonymous_2)
FN:34,(anonymous_3)
FN:35,(anonymous_4)
FN:37,(anonymous_5)
FN:41,(anonymous_6)
FN:45,(anonymous_7)
FN:52,(anonymous_8)
FN:56,(anonymous_9)
FN:61,(anonymous_10)
FNF:11
FNH:2
FNDA:1,(anonymous_0)
FNDA:0,(anonymous_1)
FNDA:1,(anonymous_2)
FNDA:0,(anonymous_3)
FNDA:0,(anonymous_4)
FNDA:0,(anonymous_5)
FNDA:0,(anonymous_6)
FNDA:0,(anonymous_7)
FNDA:0,(anonymous_8)
FNDA:0,(anonymous_9)
FNDA:0,(anonymous_10)
DA:1,1
DA:9,1
DA:14,1
DA:19,1
DA:20,0
DA:23,1
DA:24,0
DA:26,1
DA:29,1
DA:30,1
DA:35,0
DA:36,0
DA:37,0
DA:45,0
DA:46,0
DA:47,0
DA:48,0
DA:51,0
DA:52,0
DA:55,0
DA:56,0
DA:62,0
DA:63,0
DA:68,1
DA:70,1
LF:25
LH:10
BRDA:23,0,0,0
BRDA:23,0,1,1
BRDA:46,1,0,0
BRDA:47,2,0,0
BRDA:47,2,1,0
BRF:5
BRH:1
end_of_record
